0000              1   ;--------------------------------------------------------
0000              2   ; File Created by C51
0000              3   ; Version 1.0.0 #1069 (Apr 23 2015) (MSVC)
0000              4   ; This file was generated Tue Mar 03 18:32:52 2020
0000              5   ;--------------------------------------------------------
                  5   $name PeriodEFM8_1_
                  6   $optc51 --model-small
                  7   $printf_float
0000              9            R_DSEG    segment data
0000             10            R_CSEG    segment code
0000             11            R_BSEG    segment bit
0000             12            R_XSEG    segment xdata
0000             13            R_PSEG    segment xdata
0000             14            R_ISEG    segment idata
0000             15            R_OSEG    segment data overlay
0000             16            BIT_BANK  segment data overlay
0000             17            R_HOME    segment code
0000             18            R_GSINIT  segment code
0000             19            R_IXSEG   segment xdata
0000             20            R_CONST   segment code
0000             21            R_XINIT   segment code
0000             22            R_DINIT   segment code
0000             23   
0000             24   ;--------------------------------------------------------
0000             25   ; Public variables in this module
0000             26   ;--------------------------------------------------------
0000             27            public _main
0000             28            public _TIMER0_Init
0000             29            public _waitms
0000             30            public _Timer3us
0000             31            public __c51_external_startup
0000             32            public _overflow_count
0000             33   ;--------------------------------------------------------
0000             34   ; Special Function Registers
0000             35   ;--------------------------------------------------------
0000             36   _ACC            DATA 0xe0
0000             37   _ADC0ASAH       DATA 0xb6
0000             38   _ADC0ASAL       DATA 0xb5
0000             39   _ADC0ASCF       DATA 0xa1
0000             40   _ADC0ASCT       DATA 0xc7
0000             41   _ADC0CF0        DATA 0xbc
0000             42   _ADC0CF1        DATA 0xb9
0000             43   _ADC0CF2        DATA 0xdf
0000             44   _ADC0CN0        DATA 0xe8
0000             45   _ADC0CN1        DATA 0xb2
0000             46   _ADC0CN2        DATA 0xb3
0000             47   _ADC0GTH        DATA 0xc4
0000             48   _ADC0GTL        DATA 0xc3
0000             49   _ADC0H          DATA 0xbe
0000             50   _ADC0L          DATA 0xbd
0000             51   _ADC0LTH        DATA 0xc6
0000             52   _ADC0LTL        DATA 0xc5
0000             53   _ADC0MX         DATA 0xbb
0000             54   _B              DATA 0xf0
0000             55   _CKCON0         DATA 0x8e
0000             56   _CKCON1         DATA 0xa6
0000             57   _CLEN0          DATA 0xc6
0000             58   _CLIE0          DATA 0xc7
0000             59   _CLIF0          DATA 0xe8
0000             60   _CLKSEL         DATA 0xa9
0000             61   _CLOUT0         DATA 0xd1
0000             62   _CLU0CF         DATA 0xb1
0000             63   _CLU0FN         DATA 0xaf
0000             64   _CLU0MX         DATA 0x84
0000             65   _CLU1CF         DATA 0xb3
0000             66   _CLU1FN         DATA 0xb2
0000             67   _CLU1MX         DATA 0x85
0000             68   _CLU2CF         DATA 0xb6
0000             69   _CLU2FN         DATA 0xb5
0000             70   _CLU2MX         DATA 0x91
0000             71   _CLU3CF         DATA 0xbf
0000             72   _CLU3FN         DATA 0xbe
0000             73   _CLU3MX         DATA 0xae
0000             74   _CMP0CN0        DATA 0x9b
0000             75   _CMP0CN1        DATA 0x99
0000             76   _CMP0MD         DATA 0x9d
0000             77   _CMP0MX         DATA 0x9f
0000             78   _CMP1CN0        DATA 0xbf
0000             79   _CMP1CN1        DATA 0xac
0000             80   _CMP1MD         DATA 0xab
0000             81   _CMP1MX         DATA 0xaa
0000             82   _CRC0CN0        DATA 0xce
0000             83   _CRC0CN1        DATA 0x86
0000             84   _CRC0CNT        DATA 0xd3
0000             85   _CRC0DAT        DATA 0xcb
0000             86   _CRC0FLIP       DATA 0xcf
0000             87   _CRC0IN         DATA 0xca
0000             88   _CRC0ST         DATA 0xd2
0000             89   _DAC0CF0        DATA 0x91
0000             90   _DAC0CF1        DATA 0x92
0000             91   _DAC0H          DATA 0x85
0000             92   _DAC0L          DATA 0x84
0000             93   _DAC1CF0        DATA 0x93
0000             94   _DAC1CF1        DATA 0x94
0000             95   _DAC1H          DATA 0x8a
0000             96   _DAC1L          DATA 0x89
0000             97   _DAC2CF0        DATA 0x95
0000             98   _DAC2CF1        DATA 0x96
0000             99   _DAC2H          DATA 0x8c
0000            100   _DAC2L          DATA 0x8b
0000            101   _DAC3CF0        DATA 0x9a
0000            102   _DAC3CF1        DATA 0x9c
0000            103   _DAC3H          DATA 0x8e
0000            104   _DAC3L          DATA 0x8d
0000            105   _DACGCF0        DATA 0x88
0000            106   _DACGCF1        DATA 0x98
0000            107   _DACGCF2        DATA 0xa2
0000            108   _DERIVID        DATA 0xad
0000            109   _DEVICEID       DATA 0xb5
0000            110   _DPH            DATA 0x83
0000            111   _DPL            DATA 0x82
0000            112   _EIE1           DATA 0xe6
0000            113   _EIE2           DATA 0xf3
0000            114   _EIP1           DATA 0xbb
0000            115   _EIP1H          DATA 0xee
0000            116   _EIP2           DATA 0xed
0000            117   _EIP2H          DATA 0xf6
0000            118   _EMI0CN         DATA 0xe7
0000            119   _FLKEY          DATA 0xb7
0000            120   _HFO0CAL        DATA 0xc7
0000            121   _HFO1CAL        DATA 0xd6
0000            122   _HFOCN          DATA 0xef
0000            123   _I2C0ADM        DATA 0xff
0000            124   _I2C0CN0        DATA 0xba
0000            125   _I2C0DIN        DATA 0xbc
0000            126   _I2C0DOUT       DATA 0xbb
0000            127   _I2C0FCN0       DATA 0xad
0000            128   _I2C0FCN1       DATA 0xab
0000            129   _I2C0FCT        DATA 0xf5
0000            130   _I2C0SLAD       DATA 0xbd
0000            131   _I2C0STAT       DATA 0xb9
0000            132   _IE             DATA 0xa8
0000            133   _IP             DATA 0xb8
0000            134   _IPH            DATA 0xf2
0000            135   _IT01CF         DATA 0xe4
0000            136   _LFO0CN         DATA 0xb1
0000            137   _P0             DATA 0x80
0000            138   _P0MASK         DATA 0xfe
0000            139   _P0MAT          DATA 0xfd
0000            140   _P0MDIN         DATA 0xf1
0000            141   _P0MDOUT        DATA 0xa4
0000            142   _P0SKIP         DATA 0xd4
0000            143   _P1             DATA 0x90
0000            144   _P1MASK         DATA 0xee
0000            145   _P1MAT          DATA 0xed
0000            146   _P1MDIN         DATA 0xf2
0000            147   _P1MDOUT        DATA 0xa5
0000            148   _P1SKIP         DATA 0xd5
0000            149   _P2             DATA 0xa0
0000            150   _P2MASK         DATA 0xfc
0000            151   _P2MAT          DATA 0xfb
0000            152   _P2MDIN         DATA 0xf3
0000            153   _P2MDOUT        DATA 0xa6
0000            154   _P2SKIP         DATA 0xcc
0000            155   _P3             DATA 0xb0
0000            156   _P3MDIN         DATA 0xf4
0000            157   _P3MDOUT        DATA 0x9c
0000            158   _PCA0CENT       DATA 0x9e
0000            159   _PCA0CLR        DATA 0x9c
0000            160   _PCA0CN0        DATA 0xd8
0000            161   _PCA0CPH0       DATA 0xfc
0000            162   _PCA0CPH1       DATA 0xea
0000            163   _PCA0CPH2       DATA 0xec
0000            164   _PCA0CPH3       DATA 0xf5
0000            165   _PCA0CPH4       DATA 0x85
0000            166   _PCA0CPH5       DATA 0xde
0000            167   _PCA0CPL0       DATA 0xfb
0000            168   _PCA0CPL1       DATA 0xe9
0000            169   _PCA0CPL2       DATA 0xeb
0000            170   _PCA0CPL3       DATA 0xf4
0000            171   _PCA0CPL4       DATA 0x84
0000            172   _PCA0CPL5       DATA 0xdd
0000            173   _PCA0CPM0       DATA 0xda
0000            174   _PCA0CPM1       DATA 0xdb
0000            175   _PCA0CPM2       DATA 0xdc
0000            176   _PCA0CPM3       DATA 0xae
0000            177   _PCA0CPM4       DATA 0xaf
0000            178   _PCA0CPM5       DATA 0xcc
0000            179   _PCA0H          DATA 0xfa
0000            180   _PCA0L          DATA 0xf9
0000            181   _PCA0MD         DATA 0xd9
0000            182   _PCA0POL        DATA 0x96
0000            183   _PCA0PWM        DATA 0xf7
0000            184   _PCON0          DATA 0x87
0000            185   _PCON1          DATA 0xcd
0000            186   _PFE0CN         DATA 0xc1
0000            187   _PRTDRV         DATA 0xf6
0000            188   _PSCTL          DATA 0x8f
0000            189   _PSTAT0         DATA 0xaa
0000            190   _PSW            DATA 0xd0
0000            191   _REF0CN         DATA 0xd1
0000            192   _REG0CN         DATA 0xc9
0000            193   _REVID          DATA 0xb6
0000            194   _RSTSRC         DATA 0xef
0000            195   _SBCON1         DATA 0x94
0000            196   _SBRLH1         DATA 0x96
0000            197   _SBRLL1         DATA 0x95
0000            198   _SBUF           DATA 0x99
0000            199   _SBUF0          DATA 0x99
0000            200   _SBUF1          DATA 0x92
0000            201   _SCON           DATA 0x98
0000            202   _SCON0          DATA 0x98
0000            203   _SCON1          DATA 0xc8
0000            204   _SFRPAGE        DATA 0xa7
0000            205   _SFRPGCN        DATA 0xbc
0000            206   _SFRSTACK       DATA 0xd7
0000            207   _SMB0ADM        DATA 0xd6
0000            208   _SMB0ADR        DATA 0xd7
0000            209   _SMB0CF         DATA 0xc1
0000            210   _SMB0CN0        DATA 0xc0
0000            211   _SMB0DAT        DATA 0xc2
0000            212   _SMB0FCN0       DATA 0xc3
0000            213   _SMB0FCN1       DATA 0xc4
0000            214   _SMB0FCT        DATA 0xef
0000            215   _SMB0RXLN       DATA 0xc5
0000            216   _SMB0TC         DATA 0xac
0000            217   _SMOD1          DATA 0x93
0000            218   _SP             DATA 0x81
0000            219   _SPI0CFG        DATA 0xa1
0000            220   _SPI0CKR        DATA 0xa2
0000            221   _SPI0CN0        DATA 0xf8
0000            222   _SPI0DAT        DATA 0xa3
0000            223   _SPI0FCN0       DATA 0x9a
0000            224   _SPI0FCN1       DATA 0x9b
0000            225   _SPI0FCT        DATA 0xf7
0000            226   _SPI0PCF        DATA 0xdf
0000            227   _TCON           DATA 0x88
0000            228   _TH0            DATA 0x8c
0000            229   _TH1            DATA 0x8d
0000            230   _TL0            DATA 0x8a
0000            231   _TL1            DATA 0x8b
0000            232   _TMOD           DATA 0x89
0000            233   _TMR2CN0        DATA 0xc8
0000            234   _TMR2CN1        DATA 0xfd
0000            235   _TMR2H          DATA 0xcf
0000            236   _TMR2L          DATA 0xce
0000            237   _TMR2RLH        DATA 0xcb
0000            238   _TMR2RLL        DATA 0xca
0000            239   _TMR3CN0        DATA 0x91
0000            240   _TMR3CN1        DATA 0xfe
0000            241   _TMR3H          DATA 0x95
0000            242   _TMR3L          DATA 0x94
0000            243   _TMR3RLH        DATA 0x93
0000            244   _TMR3RLL        DATA 0x92
0000            245   _TMR4CN0        DATA 0x98
0000            246   _TMR4CN1        DATA 0xff
0000            247   _TMR4H          DATA 0xa5
0000            248   _TMR4L          DATA 0xa4
0000            249   _TMR4RLH        DATA 0xa3
0000            250   _TMR4RLL        DATA 0xa2
0000            251   _TMR5CN0        DATA 0xc0
0000            252   _TMR5CN1        DATA 0xf1
0000            253   _TMR5H          DATA 0xd5
0000            254   _TMR5L          DATA 0xd4
0000            255   _TMR5RLH        DATA 0xd3
0000            256   _TMR5RLL        DATA 0xd2
0000            257   _UART0PCF       DATA 0xd9
0000            258   _UART1FCN0      DATA 0x9d
0000            259   _UART1FCN1      DATA 0xd8
0000            260   _UART1FCT       DATA 0xfa
0000            261   _UART1LIN       DATA 0x9e
0000            262   _UART1PCF       DATA 0xda
0000            263   _VDM0CN         DATA 0xff
0000            264   _WDTCN          DATA 0x97
0000            265   _XBR0           DATA 0xe1
0000            266   _XBR1           DATA 0xe2
0000            267   _XBR2           DATA 0xe3
0000            268   _XOSC0CN        DATA 0x86
0000            269   _DPTR           DATA 0x8382
0000            270   _TMR2RL         DATA 0xcbca
0000            271   _TMR3RL         DATA 0x9392
0000            272   _TMR4RL         DATA 0xa3a2
0000            273   _TMR5RL         DATA 0xd3d2
0000            274   _TMR0           DATA 0x8c8a
0000            275   _TMR1           DATA 0x8d8b
0000            276   _TMR2           DATA 0xcfce
0000            277   _TMR3           DATA 0x9594
0000            278   _TMR4           DATA 0xa5a4
0000            279   _TMR5           DATA 0xd5d4
0000            280   _SBRL1          DATA 0x9695
0000            281   _PCA0           DATA 0xfaf9
0000            282   _PCA0CP0        DATA 0xfcfb
0000            283   _PCA0CP1        DATA 0xeae9
0000            284   _PCA0CP2        DATA 0xeceb
0000            285   _PCA0CP3        DATA 0xf5f4
0000            286   _PCA0CP4        DATA 0x8584
0000            287   _PCA0CP5        DATA 0xdedd
0000            288   _ADC0ASA        DATA 0xb6b5
0000            289   _ADC0GT         DATA 0xc4c3
0000            290   _ADC0           DATA 0xbebd
0000            291   _ADC0LT         DATA 0xc6c5
0000            292   _DAC0           DATA 0x8584
0000            293   _DAC1           DATA 0x8a89
0000            294   _DAC2           DATA 0x8c8b
0000            295   _DAC3           DATA 0x8e8d
0000            296   ;--------------------------------------------------------
0000            297   ; special function bits
0000            298   ;--------------------------------------------------------
0000            299   _ACC_0          BIT 0xe0
0000            300   _ACC_1          BIT 0xe1
0000            301   _ACC_2          BIT 0xe2
0000            302   _ACC_3          BIT 0xe3
0000            303   _ACC_4          BIT 0xe4
0000            304   _ACC_5          BIT 0xe5
0000            305   _ACC_6          BIT 0xe6
0000            306   _ACC_7          BIT 0xe7
0000            307   _TEMPE          BIT 0xe8
0000            308   _ADGN0          BIT 0xe9
0000            309   _ADGN1          BIT 0xea
0000            310   _ADWINT         BIT 0xeb
0000            311   _ADBUSY         BIT 0xec
0000            312   _ADINT          BIT 0xed
0000            313   _IPOEN          BIT 0xee
0000            314   _ADEN           BIT 0xef
0000            315   _B_0            BIT 0xf0
0000            316   _B_1            BIT 0xf1
0000            317   _B_2            BIT 0xf2
0000            318   _B_3            BIT 0xf3
0000            319   _B_4            BIT 0xf4
0000            320   _B_5            BIT 0xf5
0000            321   _B_6            BIT 0xf6
0000            322   _B_7            BIT 0xf7
0000            323   _C0FIF          BIT 0xe8
0000            324   _C0RIF          BIT 0xe9
0000            325   _C1FIF          BIT 0xea
0000            326   _C1RIF          BIT 0xeb
0000            327   _C2FIF          BIT 0xec
0000            328   _C2RIF          BIT 0xed
0000            329   _C3FIF          BIT 0xee
0000            330   _C3RIF          BIT 0xef
0000            331   _D1SRC0         BIT 0x88
0000            332   _D1SRC1         BIT 0x89
0000            333   _D1AMEN         BIT 0x8a
0000            334   _D01REFSL       BIT 0x8b
0000            335   _D3SRC0         BIT 0x8c
0000            336   _D3SRC1         BIT 0x8d
0000            337   _D3AMEN         BIT 0x8e
0000            338   _D23REFSL       BIT 0x8f
0000            339   _D0UDIS         BIT 0x98
0000            340   _D1UDIS         BIT 0x99
0000            341   _D2UDIS         BIT 0x9a
0000            342   _D3UDIS         BIT 0x9b
0000            343   _EX0            BIT 0xa8
0000            344   _ET0            BIT 0xa9
0000            345   _EX1            BIT 0xaa
0000            346   _ET1            BIT 0xab
0000            347   _ES0            BIT 0xac
0000            348   _ET2            BIT 0xad
0000            349   _ESPI0          BIT 0xae
0000            350   _EA             BIT 0xaf
0000            351   _PX0            BIT 0xb8
0000            352   _PT0            BIT 0xb9
0000            353   _PX1            BIT 0xba
0000            354   _PT1            BIT 0xbb
0000            355   _PS0            BIT 0xbc
0000            356   _PT2            BIT 0xbd
0000            357   _PSPI0          BIT 0xbe
0000            358   _P0_0           BIT 0x80
0000            359   _P0_1           BIT 0x81
0000            360   _P0_2           BIT 0x82
0000            361   _P0_3           BIT 0x83
0000            362   _P0_4           BIT 0x84
0000            363   _P0_5           BIT 0x85
0000            364   _P0_6           BIT 0x86
0000            365   _P0_7           BIT 0x87
0000            366   _P1_0           BIT 0x90
0000            367   _P1_1           BIT 0x91
0000            368   _P1_2           BIT 0x92
0000            369   _P1_3           BIT 0x93
0000            370   _P1_4           BIT 0x94
0000            371   _P1_5           BIT 0x95
0000            372   _P1_6           BIT 0x96
0000            373   _P1_7           BIT 0x97
0000            374   _P2_0           BIT 0xa0
0000            375   _P2_1           BIT 0xa1
0000            376   _P2_2           BIT 0xa2
0000            377   _P2_3           BIT 0xa3
0000            378   _P2_4           BIT 0xa4
0000            379   _P2_5           BIT 0xa5
0000            380   _P2_6           BIT 0xa6
0000            381   _P3_0           BIT 0xb0
0000            382   _P3_1           BIT 0xb1
0000            383   _P3_2           BIT 0xb2
0000            384   _P3_3           BIT 0xb3
0000            385   _P3_4           BIT 0xb4
0000            386   _P3_7           BIT 0xb7
0000            387   _CCF0           BIT 0xd8
0000            388   _CCF1           BIT 0xd9
0000            389   _CCF2           BIT 0xda
0000            390   _CCF3           BIT 0xdb
0000            391   _CCF4           BIT 0xdc
0000            392   _CCF5           BIT 0xdd
0000            393   _CR             BIT 0xde
0000            394   _CF             BIT 0xdf
0000            395   _PARITY         BIT 0xd0
0000            396   _F1             BIT 0xd1
0000            397   _OV             BIT 0xd2
0000            398   _RS0            BIT 0xd3
0000            399   _RS1            BIT 0xd4
0000            400   _F0             BIT 0xd5
0000            401   _AC             BIT 0xd6
0000            402   _CY             BIT 0xd7
0000            403   _RI             BIT 0x98
0000            404   _TI             BIT 0x99
0000            405   _RB8            BIT 0x9a
0000            406   _TB8            BIT 0x9b
0000            407   _REN            BIT 0x9c
0000            408   _CE             BIT 0x9d
0000            409   _SMODE          BIT 0x9e
0000            410   _RI1            BIT 0xc8
0000            411   _TI1            BIT 0xc9
0000            412   _RBX1           BIT 0xca
0000            413   _TBX1           BIT 0xcb
0000            414   _REN1           BIT 0xcc
0000            415   _PERR1          BIT 0xcd
0000            416   _OVR1           BIT 0xce
0000            417   _SI             BIT 0xc0
0000            418   _ACK            BIT 0xc1
0000            419   _ARBLOST        BIT 0xc2
0000            420   _ACKRQ          BIT 0xc3
0000            421   _STO            BIT 0xc4
0000            422   _STA            BIT 0xc5
0000            423   _TXMODE         BIT 0xc6
0000            424   _MASTER         BIT 0xc7
0000            425   _SPIEN          BIT 0xf8
0000            426   _TXNF           BIT 0xf9
0000            427   _NSSMD0         BIT 0xfa
0000            428   _NSSMD1         BIT 0xfb
0000            429   _RXOVRN         BIT 0xfc
0000            430   _MODF           BIT 0xfd
0000            431   _WCOL           BIT 0xfe
0000            432   _SPIF           BIT 0xff
0000            433   _IT0            BIT 0x88
0000            434   _IE0            BIT 0x89
0000            435   _IT1            BIT 0x8a
0000            436   _IE1            BIT 0x8b
0000            437   _TR0            BIT 0x8c
0000            438   _TF0            BIT 0x8d
0000            439   _TR1            BIT 0x8e
0000            440   _TF1            BIT 0x8f
0000            441   _T2XCLK0        BIT 0xc8
0000            442   _T2XCLK1        BIT 0xc9
0000            443   _TR2            BIT 0xca
0000            444   _T2SPLIT        BIT 0xcb
0000            445   _TF2CEN         BIT 0xcc
0000            446   _TF2LEN         BIT 0xcd
0000            447   _TF2L           BIT 0xce
0000            448   _TF2H           BIT 0xcf
0000            449   _T4XCLK0        BIT 0x98
0000            450   _T4XCLK1        BIT 0x99
0000            451   _TR4            BIT 0x9a
0000            452   _T4SPLIT        BIT 0x9b
0000            453   _TF4CEN         BIT 0x9c
0000            454   _TF4LEN         BIT 0x9d
0000            455   _TF4L           BIT 0x9e
0000            456   _TF4H           BIT 0x9f
0000            457   _T5XCLK0        BIT 0xc0
0000            458   _T5XCLK1        BIT 0xc1
0000            459   _TR5            BIT 0xc2
0000            460   _T5SPLIT        BIT 0xc3
0000            461   _TF5CEN         BIT 0xc4
0000            462   _TF5LEN         BIT 0xc5
0000            463   _TF5L           BIT 0xc6
0000            464   _TF5H           BIT 0xc7
0000            465   _RIE            BIT 0xd8
0000            466   _RXTO0          BIT 0xd9
0000            467   _RXTO1          BIT 0xda
0000            468   _RFRQ           BIT 0xdb
0000            469   _TIE            BIT 0xdc
0000            470   _TXHOLD         BIT 0xdd
0000            471   _TXNF1          BIT 0xde
0000            472   _TFRQ           BIT 0xdf
0000            473   ;--------------------------------------------------------
0000            474   ; overlayable register banks
0000            475   ;--------------------------------------------------------
0000            476            rbank0 segment data overlay
0000            477   ;--------------------------------------------------------
0000            478   ; internal ram data
0000            479   ;--------------------------------------------------------
0000            480            rseg R_DSEG
0000            481   _overflow_count:
0000            482            ds 1
0001            483   ;--------------------------------------------------------
0001            484   ; overlayable items in internal ram 
0001            485   ;--------------------------------------------------------
0000            486            rseg    R_OSEG
0000            487   ;--------------------------------------------------------
0000            488   ; indirectly addressable internal ram data
0000            489   ;--------------------------------------------------------
0000            490            rseg R_ISEG
0000            491   ;--------------------------------------------------------
0000            492   ; absolute internal ram data
0000            493   ;--------------------------------------------------------
0000            494            DSEG
0000            495   ;--------------------------------------------------------
0000            496   ; bit data
0000            497   ;--------------------------------------------------------
0000            498            rseg R_BSEG
0000            499   ;--------------------------------------------------------
0000            500   ; paged external ram data
0000            501   ;--------------------------------------------------------
0000            502            rseg R_PSEG
0000            503   ;--------------------------------------------------------
0000            504   ; external ram data
0000            505   ;--------------------------------------------------------
0000            506            rseg R_XSEG
0000            507   ;--------------------------------------------------------
0000            508   ; absolute external ram data
0000            509   ;--------------------------------------------------------
0000            510            XSEG
0000            511   ;--------------------------------------------------------
0000            512   ; external initialized ram data
0000            513   ;--------------------------------------------------------
0000            514            rseg R_IXSEG
0000            515            rseg R_HOME
0000            516            rseg R_GSINIT
0000            517            rseg R_CSEG
0000            518   ;--------------------------------------------------------
0000            519   ; Reset entry point and interrupt vectors
0000            520   ;--------------------------------------------------------
0000            521            CSEG at 0x0000
0000 020100     522            ljmp    _crt0
0003            523   ;--------------------------------------------------------
0003            524   ; global & static initialisations
0003            525   ;--------------------------------------------------------
0000            526            rseg R_HOME
0000            527            rseg R_GSINIT
0000            528            rseg R_GSINIT
0000            529   ;--------------------------------------------------------
0000            530   ; data variables initialization
0000            531   ;--------------------------------------------------------
0000            532            rseg R_DINIT
0000            533            ; The linker places a 'ret' at the end of segment R_DINIT.
0000            534   ;--------------------------------------------------------
0000            535   ; code
0000            536   ;--------------------------------------------------------
0000            537            rseg R_CSEG
0000            538   ;------------------------------------------------------------
0000            539   ;Allocation info for local variables in function '_c51_external_startup'
0000            540   ;------------------------------------------------------------
0000            541   ;------------------------------------------------------------
0000            542   ;        C:\Users\nusai\Desktop\ELEC 291\Phasor\PeriodEFM8(1).c:16: char _c51_external_startup (void)
0000            543   ;        -----------------------------------------
0000            544   ;         function _c51_external_startup
0000            545   ;        -----------------------------------------
0000            546   __c51_external_startup:
0000            547            using   0
0000            548   ;        C:\Users\nusai\Desktop\ELEC 291\Phasor\PeriodEFM8(1).c:19: SFRPAGE = 0x00;
0000 75A700     549            mov     _SFRPAGE,#0x00
0003            550   ;        C:\Users\nusai\Desktop\ELEC 291\Phasor\PeriodEFM8(1).c:20: WDTCN = 0xDE; //First key
0003 7597DE     551            mov     _WDTCN,#0xDE
0006            552   ;        C:\Users\nusai\Desktop\ELEC 291\Phasor\PeriodEFM8(1).c:21: WDTCN = 0xAD; //Second key
0006 7597AD     553            mov     _WDTCN,#0xAD
0009            554   ;        C:\Users\nusai\Desktop\ELEC 291\Phasor\PeriodEFM8(1).c:23: VDM0CN |= 0x80;
0009 43FF80     555            orl     _VDM0CN,#0x80
000C            556   ;        C:\Users\nusai\Desktop\ELEC 291\Phasor\PeriodEFM8(1).c:24: RSTSRC = 0x02;
000C 75EF02     557            mov     _RSTSRC,#0x02
000F            558   ;        C:\Users\nusai\Desktop\ELEC 291\Phasor\PeriodEFM8(1).c:31: SFRPAGE = 0x10;
000F 75A710     559            mov     _SFRPAGE,#0x10
0012            560   ;        C:\Users\nusai\Desktop\ELEC 291\Phasor\PeriodEFM8(1).c:32: PFE0CN  = 0x20; // SYSCLK < 75 MHz.
0012 75C120     561            mov     _PFE0CN,#0x20
0015            562   ;        C:\Users\nusai\Desktop\ELEC 291\Phasor\PeriodEFM8(1).c:33: SFRPAGE = 0x00;
0015 75A700     563            mov     _SFRPAGE,#0x00
0018            564   ;        C:\Users\nusai\Desktop\ELEC 291\Phasor\PeriodEFM8(1).c:54: CLKSEL = 0x00;
0018 75A900     565            mov     _CLKSEL,#0x00
001B            566   ;        C:\Users\nusai\Desktop\ELEC 291\Phasor\PeriodEFM8(1).c:55: CLKSEL = 0x00;
001B 75A900     567            mov     _CLKSEL,#0x00
001E            568   ;        C:\Users\nusai\Desktop\ELEC 291\Phasor\PeriodEFM8(1).c:56: while ((CLKSEL & 0x80) == 0);
001E            569   L002001?:
001E E5A9       570            mov     a,_CLKSEL
0020 30E718     571            jnb     acc.7,L002001?
0023            572   ;        C:\Users\nusai\Desktop\ELEC 291\Phasor\PeriodEFM8(1).c:57: CLKSEL = 0x03;
0023 75A903     573            mov     _CLKSEL,#0x03
0026            574   ;        C:\Users\nusai\Desktop\ELEC 291\Phasor\PeriodEFM8(1).c:58: CLKSEL = 0x03;
0026 75A903     575            mov     _CLKSEL,#0x03
0029            576   ;        C:\Users\nusai\Desktop\ELEC 291\Phasor\PeriodEFM8(1).c:59: while ((CLKSEL & 0x80) == 0);
0029            577   L002004?:
0029 E5A9       578            mov     a,_CLKSEL
002B 30E798     579            jnb     acc.7,L002004?
002E            580   ;        C:\Users\nusai\Desktop\ELEC 291\Phasor\PeriodEFM8(1).c:64: P0MDOUT |= 0x10; // Enable UART0 TX as push-pull output
002E 43A410     581            orl     _P0MDOUT,#0x10
0031            582   ;        C:\Users\nusai\Desktop\ELEC 291\Phasor\PeriodEFM8(1).c:65: XBR0     = 0x01; // Enable UART0 on P0.4(TX) and P0.5(RX)                     
0031 75E101     583            mov     _XBR0,#0x01
0034            584   ;        C:\Users\nusai\Desktop\ELEC 291\Phasor\PeriodEFM8(1).c:66: XBR1     = 0X00;
0034 75E200     585            mov     _XBR1,#0x00
0037            586   ;        C:\Users\nusai\Desktop\ELEC 291\Phasor\PeriodEFM8(1).c:67: XBR2     = 0x40; // Enable crossbar and weak pull-ups
0037 75E340     587            mov     _XBR2,#0x40
003A            588   ;        C:\Users\nusai\Desktop\ELEC 291\Phasor\PeriodEFM8(1).c:73: SCON0 = 0x10;
003A 759810     589            mov     _SCON0,#0x10
003D            590   ;        C:\Users\nusai\Desktop\ELEC 291\Phasor\PeriodEFM8(1).c:74: CKCON0 |= 0b_0000_0000 ; // Timer 1 uses the system clock divided by 12.
003D 858E8E     591            mov     _CKCON0,_CKCON0
0040            592   ;        C:\Users\nusai\Desktop\ELEC 291\Phasor\PeriodEFM8(1).c:75: TH1 = 0x100-((SYSCLK/BAUDRATE)/(2L*12L));
0040 758DE6     593            mov     _TH1,#0xE6
0043            594   ;        C:\Users\nusai\Desktop\ELEC 291\Phasor\PeriodEFM8(1).c:76: TL1 = TH1;      // Init Timer1
0043 858D8B     595            mov     _TL1,_TH1
0046            596   ;        C:\Users\nusai\Desktop\ELEC 291\Phasor\PeriodEFM8(1).c:77: TMOD &= ~0xf0;  // TMOD: timer 1 in 8-bit auto-reload
0046 53890F     597            anl     _TMOD,#0x0F
0049            598   ;        C:\Users\nusai\Desktop\ELEC 291\Phasor\PeriodEFM8(1).c:78: TMOD |=  0x20;                       
0049 438920     599            orl     _TMOD,#0x20
004C            600   ;        C:\Users\nusai\Desktop\ELEC 291\Phasor\PeriodEFM8(1).c:79: TR1 = 1; // START Timer1
004C D28E       601            setb    _TR1
004E            602   ;        C:\Users\nusai\Desktop\ELEC 291\Phasor\PeriodEFM8(1).c:80: TI = 1;  // Indicate TX0 ready
004E D299       603            setb    _TI
0050            604   ;        C:\Users\nusai\Desktop\ELEC 291\Phasor\PeriodEFM8(1).c:82: return 0;
0050 758200     605            mov     dpl,#0x00
0053 22         606            ret
0054            607   ;------------------------------------------------------------
0054            608   ;Allocation info for local variables in function 'Timer3us'
0054            609   ;------------------------------------------------------------
0054            610   ;us                        Allocated to registers r2 
0054            611   ;i                         Allocated to registers r3 
0054            612   ;------------------------------------------------------------
0054            613   ;        C:\Users\nusai\Desktop\ELEC 291\Phasor\PeriodEFM8(1).c:86: void Timer3us(unsigned char us)
0054            614   ;        -----------------------------------------
0054            615   ;         function Timer3us
0054            616   ;        -----------------------------------------
0054            617   _Timer3us:
0054 AA82       618            mov     r2,dpl
0056            619   ;        C:\Users\nusai\Desktop\ELEC 291\Phasor\PeriodEFM8(1).c:91: CKCON0|=0b_0100_0000;
0056 438E40     620            orl     _CKCON0,#0x40
0059            621   ;        C:\Users\nusai\Desktop\ELEC 291\Phasor\PeriodEFM8(1).c:93: TMR3RL = (-(SYSCLK)/1000000L); // Set Timer3 to overflow in 1us.
0059 7592B8     622            mov     _TMR3RL,#0xB8
005C 7593FF     623            mov     (_TMR3RL >> 8),#0xFF
005F            624   ;        C:\Users\nusai\Desktop\ELEC 291\Phasor\PeriodEFM8(1).c:94: TMR3 = TMR3RL;                 // Initialize Timer3 for first overflow
005F 859294     625            mov     _TMR3,_TMR3RL
0062 859395     626            mov     (_TMR3 >> 8),(_TMR3RL >> 8)
0065            627   ;        C:\Users\nusai\Desktop\ELEC 291\Phasor\PeriodEFM8(1).c:96: TMR3CN0 = 0x04;                 // Sart Timer3 and clear overflow flag
0065 759104     628            mov     _TMR3CN0,#0x04
0068            629   ;        C:\Users\nusai\Desktop\ELEC 291\Phasor\PeriodEFM8(1).c:97: for (i = 0; i < us; i++)       // Count <us> overflows
0068 7B00       630            mov     r3,#0x00
006A            631   L003004?:
006A C3         632            clr     c
006B EB         633            mov     a,r3
006C 9A         634            subb    a,r2
006D 5001       635            jnc     L003007?
006F            636   ;        C:\Users\nusai\Desktop\ELEC 291\Phasor\PeriodEFM8(1).c:99: while (!(TMR3CN0 & 0x80));  // Wait for overflow
006F            637   L003001?:
006F E591       638            mov     a,_TMR3CN0
0071 30E798     639            jnb     acc.7,L003001?
0074            640   ;        C:\Users\nusai\Desktop\ELEC 291\Phasor\PeriodEFM8(1).c:100: TMR3CN0 &= ~(0x80);         // Clear overflow indicator
0074 53917F     641            anl     _TMR3CN0,#0x7F
0077            642   ;        C:\Users\nusai\Desktop\ELEC 291\Phasor\PeriodEFM8(1).c:97: for (i = 0; i < us; i++)       // Count <us> overflows
0077 0B         643            inc     r3
0078 8001       644            sjmp    L003004?
007A            645   L003007?:
007A            646   ;        C:\Users\nusai\Desktop\ELEC 291\Phasor\PeriodEFM8(1).c:102: TMR3CN0 = 0 ;                   // Stop Timer3 and clear overflow flag
007A 759100     647            mov     _TMR3CN0,#0x00
007D 22         648            ret
007E            649   ;------------------------------------------------------------
007E            650   ;Allocation info for local variables in function 'waitms'
007E            651   ;------------------------------------------------------------
007E            652   ;ms                        Allocated to registers r2 r3 
007E            653   ;j                         Allocated to registers r2 r3 
007E            654   ;------------------------------------------------------------
007E            655   ;        C:\Users\nusai\Desktop\ELEC 291\Phasor\PeriodEFM8(1).c:105: void waitms (unsigned int ms)
007E            656   ;        -----------------------------------------
007E            657   ;         function waitms
007E            658   ;        -----------------------------------------
007E            659   _waitms:
007E AA82       660            mov     r2,dpl
0080 AB83       661            mov     r3,dph
0082            662   ;        C:\Users\nusai\Desktop\ELEC 291\Phasor\PeriodEFM8(1).c:108: for(j=ms; j!=0; j--)
0082            663   L004001?:
0082 BA0058     664            cjne    r2,#0x00,L004010?
0085 BB0058     665            cjne    r3,#0x00,L004010?
0088 22         666            ret
0089            667   L004010?:
0089            668   ;        C:\Users\nusai\Desktop\ELEC 291\Phasor\PeriodEFM8(1).c:110: Timer3us(249);
0089 7582F9     669            mov     dpl,#0xF9
008C C002       670            push    ar2
008E C003       671            push    ar3
0090 120100     672            lcall   _Timer3us
0093            673   ;        C:\Users\nusai\Desktop\ELEC 291\Phasor\PeriodEFM8(1).c:111: Timer3us(249);
0093 7582F9     674            mov     dpl,#0xF9
0096 120100     675            lcall   _Timer3us
0099            676   ;        C:\Users\nusai\Desktop\ELEC 291\Phasor\PeriodEFM8(1).c:112: Timer3us(249);
0099 7582F9     677            mov     dpl,#0xF9
009C 120100     678            lcall   _Timer3us
009F            679   ;        C:\Users\nusai\Desktop\ELEC 291\Phasor\PeriodEFM8(1).c:113: Timer3us(250);
009F 7582FA     680            mov     dpl,#0xFA
00A2 120100     681            lcall   _Timer3us
00A5 D003       682            pop     ar3
00A7 D002       683            pop     ar2
00A9            684   ;        C:\Users\nusai\Desktop\ELEC 291\Phasor\PeriodEFM8(1).c:108: for(j=ms; j!=0; j--)
00A9 1A         685            dec     r2
00AA BAFF98     686            cjne    r2,#0xff,L004011?
00AD 1B         687            dec     r3
00AE            688   L004011?:
00AE 8001       689            sjmp    L004001?
00B0            690   ;------------------------------------------------------------
00B0            691   ;Allocation info for local variables in function 'TIMER0_Init'
00B0            692   ;------------------------------------------------------------
00B0            693   ;------------------------------------------------------------
00B0            694   ;        C:\Users\nusai\Desktop\ELEC 291\Phasor\PeriodEFM8(1).c:117: void TIMER0_Init(void)
00B0            695   ;        -----------------------------------------
00B0            696   ;         function TIMER0_Init
00B0            697   ;        -----------------------------------------
00B0            698   _TIMER0_Init:
00B0            699   ;        C:\Users\nusai\Desktop\ELEC 291\Phasor\PeriodEFM8(1).c:119: TMOD&=0b_1111_0000; // Set the bits of Timer/Counter 0 to zero
00B0 5389F0     700            anl     _TMOD,#0xF0
00B3            701   ;        C:\Users\nusai\Desktop\ELEC 291\Phasor\PeriodEFM8(1).c:120: TMOD|=0b_0000_0001; // Timer/Counter 0 used as a 16-bit timer
00B3 438901     702            orl     _TMOD,#0x01
00B6            703   ;        C:\Users\nusai\Desktop\ELEC 291\Phasor\PeriodEFM8(1).c:121: TR0=0; // Stop Timer/Counter 0
00B6 C28C       704            clr     _TR0
00B8            705   ;        C:\Users\nusai\Desktop\ELEC 291\Phasor\PeriodEFM8(1).c:122: printf("TMOD = %d, TR0 = %d\n", TMOD, TR0);
00B8 A28C       706            mov     c,_TR0
00BA E4         707            clr     a
00BB 33         708            rlc     a
00BC FA         709            mov     r2,a
00BD 7B00       710            mov     r3,#0x00
00BF AC89       711            mov     r4,_TMOD
00C1 7D00       712            mov     r5,#0x00
00C3 C002       713            push    ar2
00C5 C003       714            push    ar3
00C7 C004       715            push    ar4
00C9 C005       716            push    ar5
00CB 74D8       717            mov     a,#__str_0
00CD C0E0       718            push    acc
00CF 74B6       719            mov     a,#(__str_0 >> 8)
00D1 C0E0       720            push    acc
00D3 7480       721            mov     a,#0x80
00D5 C0E0       722            push    acc
00D7 120100     723            lcall   _printf
00DA E581       724            mov     a,sp
00DC 24F9       725            add     a,#0xf9
00DE F581       726            mov     sp,a
00E0 22         727            ret
00E1            728   ;------------------------------------------------------------
00E1            729   ;Allocation info for local variables in function 'main'
00E1            730   ;------------------------------------------------------------
00E1            731   ;period                    Allocated to registers r2 r3 r4 r5 
00E1            732   ;------------------------------------------------------------
00E1            733   ;        C:\Users\nusai\Desktop\ELEC 291\Phasor\PeriodEFM8(1).c:125: void main (void) 
00E1            734   ;        -----------------------------------------
00E1            735   ;         function main
00E1            736   ;        -----------------------------------------
00E1            737   _main:
00E1            738   ;        C:\Users\nusai\Desktop\ELEC 291\Phasor\PeriodEFM8(1).c:128: printf("hihf\n");
00E1 7498       739            mov     a,#__str_1
00E3 C0E0       740            push    acc
00E5 74B7       741            mov     a,#(__str_1 >> 8)
00E7 C0E0       742            push    acc
00E9 7480       743            mov     a,#0x80
00EB C0E0       744            push    acc
00ED 120100     745            lcall   _printf
00F0 1581       746            dec     sp
00F2 1581       747            dec     sp
00F4 1581       748            dec     sp
00F6            749   ;        C:\Users\nusai\Desktop\ELEC 291\Phasor\PeriodEFM8(1).c:129: TIMER0_Init();
00F6 120100     750            lcall   _TIMER0_Init
00F9            751   ;        C:\Users\nusai\Desktop\ELEC 291\Phasor\PeriodEFM8(1).c:131: waitms(500); // Give PuTTY a chance to start.
00F9 9001F4     752            mov     dptr,#0x01F4
00FC 120100     753            lcall   _waitms
00FF            754   ;        C:\Users\nusai\Desktop\ELEC 291\Phasor\PeriodEFM8(1).c:132: printf("\x1b[2J"); // Clear screen using ANSI escape sequence.
00FF 74D8       755            mov     a,#__str_2
0101 C0E0       756            push    acc
0103 74B7       757            mov     a,#(__str_2 >> 8)
0105 C0E0       758            push    acc
0107 7480       759            mov     a,#0x80
0109 C0E0       760            push    acc
010B 120100     761            lcall   _printf
010E 1581       762            dec     sp
0110 1581       763            dec     sp
0112 1581       764            dec     sp
0114            765   ;        C:\Users\nusai\Desktop\ELEC 291\Phasor\PeriodEFM8(1).c:137: __FILE__, __DATE__, __TIME__);
0114            766   ;        C:\Users\nusai\Desktop\ELEC 291\Phasor\PeriodEFM8(1).c:136: "Compiled: %s, %s\n\n",
0114 7418       767            mov     a,#__str_6
0116 C0E0       768            push    acc
0118 74B8       769            mov     a,#(__str_6 >> 8)
011A C0E0       770            push    acc
011C 7480       771            mov     a,#0x80
011E C0E0       772            push    acc
0120 7458       773            mov     a,#__str_5
0122 C0E0       774            push    acc
0124 74B8       775            mov     a,#(__str_5 >> 8)
0126 C0E0       776            push    acc
0128 7480       777            mov     a,#0x80
012A C0E0       778            push    acc
012C 7498       779            mov     a,#__str_4
012E C0E0       780            push    acc
0130 74B8       781            mov     a,#(__str_4 >> 8)
0132 C0E0       782            push    acc
0134 7480       783            mov     a,#0x80
0136 C0E0       784            push    acc
0138 74D8       785            mov     a,#__str_3
013A C0E0       786            push    acc
013C 74B8       787            mov     a,#(__str_3 >> 8)
013E C0E0       788            push    acc
0140 7480       789            mov     a,#0x80
0142 C0E0       790            push    acc
0144 120100     791            lcall   _printf
0147 E581       792            mov     a,sp
0149 24F4       793            add     a,#0xf4
014B F581       794            mov     sp,a
014D            795   ;        C:\Users\nusai\Desktop\ELEC 291\Phasor\PeriodEFM8(1).c:139: while (1)
014D            796   L006018?:
014D            797   ;        C:\Users\nusai\Desktop\ELEC 291\Phasor\PeriodEFM8(1).c:142: TL1=0; 
014D 758B00     798            mov     _TL1,#0x00
0150            799   ;        C:\Users\nusai\Desktop\ELEC 291\Phasor\PeriodEFM8(1).c:143: TH1=0;
0150 758D00     800            mov     _TH1,#0x00
0153            801   ;        C:\Users\nusai\Desktop\ELEC 291\Phasor\PeriodEFM8(1).c:144: TF1=0;
0153 C28F       802            clr     _TF1
0155            803   ;        C:\Users\nusai\Desktop\ELEC 291\Phasor\PeriodEFM8(1).c:145: overflow_count=0;
0155 75A000     804            mov     _overflow_count,#0x00
0158            805   ;        C:\Users\nusai\Desktop\ELEC 291\Phasor\PeriodEFM8(1).c:147: while(P1_1!=0); // Wait for the signal to be zero
0158            806   L006001?:
0158 209158     807            jb      _P1_1,L006001?
015B            808   ;        C:\Users\nusai\Desktop\ELEC 291\Phasor\PeriodEFM8(1).c:148: while(P1_1!=1); // Wait for the signal to be one
015B            809   L006004?:
015B 309198     810            jnb     _P1_1,L006004?
015E            811   ;        C:\Users\nusai\Desktop\ELEC 291\Phasor\PeriodEFM8(1).c:149: TR1=1; // Start the timer
015E D28E       812            setb    _TR1
0160            813   ;        C:\Users\nusai\Desktop\ELEC 291\Phasor\PeriodEFM8(1).c:150: while(P1_1!=0) // Wait for the signal to be zero
0160            814   L006009?:
0160 309118     815            jnb     _P1_1,L006014?
0163            816   ;        C:\Users\nusai\Desktop\ELEC 291\Phasor\PeriodEFM8(1).c:152: if(TF1==1) // Did the 16-bit timer overflow?
0163            817   ;        C:\Users\nusai\Desktop\ELEC 291\Phasor\PeriodEFM8(1).c:154: TF1=0;
0163 108F58     818            jbc     _TF1,L006035?
0166 8001       819            sjmp    L006009?
0168            820   L006035?:
0168            821   ;        C:\Users\nusai\Desktop\ELEC 291\Phasor\PeriodEFM8(1).c:155: overflow_count++;
0168 05A0       822            inc     _overflow_count
016A            823   ;        C:\Users\nusai\Desktop\ELEC 291\Phasor\PeriodEFM8(1).c:158: while(P1_1!=1) // Wait for the signal to be one
016A 8001       824            sjmp    L006009?
016C            825   L006014?:
016C 209198     826            jb      _P1_1,L006016?
016F            827   ;        C:\Users\nusai\Desktop\ELEC 291\Phasor\PeriodEFM8(1).c:160: if(TF1==1) // Did the 16-bit timer overflow?
016F            828   ;        C:\Users\nusai\Desktop\ELEC 291\Phasor\PeriodEFM8(1).c:162: TF1=0;
016F 108FD8     829            jbc     _TF1,L006037?
0172 8001       830            sjmp    L006014?
0174            831   L006037?:
0174            832   ;        C:\Users\nusai\Desktop\ELEC 291\Phasor\PeriodEFM8(1).c:163: overflow_count++;
0174 05A0       833            inc     _overflow_count
0176 8001       834            sjmp    L006014?
0178            835   L006016?:
0178            836   ;        C:\Users\nusai\Desktop\ELEC 291\Phasor\PeriodEFM8(1).c:166: TR1=0; // Stop timer 0, the 24-bit number [overflow_count-TH0-TL0] has the period!
0178 C28E       837            clr     _TR1
017A            838   ;        C:\Users\nusai\Desktop\ELEC 291\Phasor\PeriodEFM8(1).c:167: period=(overflow_count*65536.0+TH1*256.0+TL1)*(12.0/SYSCLK);
017A 85A082     839            mov     dpl,_overflow_count
017D 120100     840            lcall   ___uchar2fs
0180 AA82       841            mov     r2,dpl
0182 AB83       842            mov     r3,dph
0184 ACF0       843            mov     r4,b
0186 FD         844            mov     r5,a
0187 C002       845            push    ar2
0189 C003       846            push    ar3
018B C004       847            push    ar4
018D C005       848            push    ar5
018F 900000     849            mov     dptr,#0x0000
0192 75F080     850            mov     b,#0x80
0195 7447       851            mov     a,#0x47
0197 120100     852            lcall   ___fsmul
019A AA82       853            mov     r2,dpl
019C AB83       854            mov     r3,dph
019E ACF0       855            mov     r4,b
01A0 FD         856            mov     r5,a
01A1 E581       857            mov     a,sp
01A3 24FC       858            add     a,#0xfc
01A5 F581       859            mov     sp,a
01A7 858D82     860            mov     dpl,_TH1
01AA C002       861            push    ar2
01AC C003       862            push    ar3
01AE C004       863            push    ar4
01B0 C005       864            push    ar5
01B2 120100     865            lcall   ___uchar2fs
01B5 AE82       866            mov     r6,dpl
01B7 AF83       867            mov     r7,dph
01B9 A8F0       868            mov     r0,b
01BB F9         869            mov     r1,a
01BC C006       870            push    ar6
01BE C007       871            push    ar7
01C0 C000       872            push    ar0
01C2 C001       873            push    ar1
01C4 900000     874            mov     dptr,#0x0000
01C7 75F080     875            mov     b,#0x80
01CA 7443       876            mov     a,#0x43
01CC 120100     877            lcall   ___fsmul
01CF AE82       878            mov     r6,dpl
01D1 AF83       879            mov     r7,dph
01D3 A8F0       880            mov     r0,b
01D5 F9         881            mov     r1,a
01D6 E581       882            mov     a,sp
01D8 24FC       883            add     a,#0xfc
01DA F581       884            mov     sp,a
01DC D005       885            pop     ar5
01DE D004       886            pop     ar4
01E0 D003       887            pop     ar3
01E2 D002       888            pop     ar2
01E4 C006       889            push    ar6
01E6 C007       890            push    ar7
01E8 C000       891            push    ar0
01EA C001       892            push    ar1
01EC 8A82       893            mov     dpl,r2
01EE 8B83       894            mov     dph,r3
01F0 8CF0       895            mov     b,r4
01F2 ED         896            mov     a,r5
01F3 120100     897            lcall   ___fsadd
01F6 AA82       898            mov     r2,dpl
01F8 AB83       899            mov     r3,dph
01FA ACF0       900            mov     r4,b
01FC FD         901            mov     r5,a
01FD E581       902            mov     a,sp
01FF 24FC       903            add     a,#0xfc
0201 F581       904            mov     sp,a
0203 AE8B       905            mov     r6,_TL1
0205 7F00       906            mov     r7,#0x00
0207 8E82       907            mov     dpl,r6
0209 8F83       908            mov     dph,r7
020B C002       909            push    ar2
020D C003       910            push    ar3
020F C004       911            push    ar4
0211 C005       912            push    ar5
0213 120100     913            lcall   ___sint2fs
0216 AE82       914            mov     r6,dpl
0218 AF83       915            mov     r7,dph
021A A8F0       916            mov     r0,b
021C F9         917            mov     r1,a
021D D005       918            pop     ar5
021F D004       919            pop     ar4
0221 D003       920            pop     ar3
0223 D002       921            pop     ar2
0225 C006       922            push    ar6
0227 C007       923            push    ar7
0229 C000       924            push    ar0
022B C001       925            push    ar1
022D 8A82       926            mov     dpl,r2
022F 8B83       927            mov     dph,r3
0231 8CF0       928            mov     b,r4
0233 ED         929            mov     a,r5
0234 120100     930            lcall   ___fsadd
0237 AA82       931            mov     r2,dpl
0239 AB83       932            mov     r3,dph
023B ACF0       933            mov     r4,b
023D FD         934            mov     r5,a
023E E581       935            mov     a,sp
0240 24FC       936            add     a,#0xfc
0242 F581       937            mov     sp,a
0244 C002       938            push    ar2
0246 C003       939            push    ar3
0248 C004       940            push    ar4
024A C005       941            push    ar5
024C 90F4FC     942            mov     dptr,#0xF4FC
024F 75F032     943            mov     b,#0x32
0252 7434       944            mov     a,#0x34
0254 120100     945            lcall   ___fsmul
0257 AA82       946            mov     r2,dpl
0259 AB83       947            mov     r3,dph
025B ACF0       948            mov     r4,b
025D FD         949            mov     r5,a
025E E581       950            mov     a,sp
0260 24FC       951            add     a,#0xfc
0262 F581       952            mov     sp,a
0264            953   ;        C:\Users\nusai\Desktop\ELEC 291\Phasor\PeriodEFM8(1).c:169: printf( "\rT=%f ms    ", period*1000.0);
0264 C002       954            push    ar2
0266 C003       955            push    ar3
0268 C004       956            push    ar4
026A C005       957            push    ar5
026C 900000     958            mov     dptr,#0x0000
026F 75F07A     959            mov     b,#0x7A
0272 7444       960            mov     a,#0x44
0274 120100     961            lcall   ___fsmul
0277 AA82       962            mov     r2,dpl
0279 AB83       963            mov     r3,dph
027B ACF0       964            mov     r4,b
027D FD         965            mov     r5,a
027E E581       966            mov     a,sp
0280 24FC       967            add     a,#0xfc
0282 F581       968            mov     sp,a
0284 C002       969            push    ar2
0286 C003       970            push    ar3
0288 C004       971            push    ar4
028A C005       972            push    ar5
028C 7458       973            mov     a,#__str_7
028E C0E0       974            push    acc
0290 74BC       975            mov     a,#(__str_7 >> 8)
0292 C0E0       976            push    acc
0294 7480       977            mov     a,#0x80
0296 C0E0       978            push    acc
0298 120100     979            lcall   _printf
029B E581       980            mov     a,sp
029D 24F9       981            add     a,#0xf9
029F F581       982            mov     sp,a
02A1 020100     983            ljmp    L006018?
02A4            984            rseg R_CSEG
02A4            985   
0000            986            rseg R_XINIT
0000            987   
0000            988            rseg R_CONST
0000            989   __str_0:
0000 544D4F44   990            db 'TMOD = %d, TR0 = %d'
     203D2025
     642C2054
     5230203D
     202564
0013 0A         991            db 0x0A
0014 00         992            db 0x00
0015            993   __str_1:
0015 68696866   994            db 'hihf'
0019 0A         995            db 0x0A
001A 00         996            db 0x00
001B            997   __str_2:
001B 1B         998            db 0x1B
001C 5B324A     999            db '[2J'
001F 00        1000            db 0x00
0020           1001   __str_3:
0020 45464D38  1002            db 'EFM8 Period measurement at pin P0.1 using Timer 0.'
     20506572
     696F6420
     6D656173
     7572656D
     656E7420
     61742070
     696E2050
     302E3120
     7573696E
     67205469
     6D657220
     302E
0052 0A        1003            db 0x0A
0053 46696C65  1004            db 'File: %s'
     3A202573
005B 0A        1005            db 0x0A
005C 436F6D70  1006            db 'Compiled: %s, %s'
     696C6564
     3A202573
     2C202573
006C 0A        1007            db 0x0A
006D 0A        1008            db 0x0A
006E 00        1009            db 0x00
006F           1010   __str_4:
006F 433A      1011            db 'C:'
0071 5C        1012            db 0x5C
0072 55736572  1013            db 'Users'
     73
0077 5C        1014            db 0x5C
0078 6E757361  1015            db 'nusai'
     69
007D 5C        1016            db 0x5C
007E 4465736B  1017            db 'Desktop'
     746F70
0085 5C        1018            db 0x5C
0086 454C4543  1019            db 'ELEC 291'
     20323931
008E 5C        1020            db 0x5C
008F 50686173  1021            db 'Phasor'
     6F72
0095 5C        1022            db 0x5C
0096 50657269  1023            db 'PeriodEFM8(1).c'
     6F644546
     4D382831
     292E63
00A5 00        1024            db 0x00
00A6           1025   __str_5:
00A6 4D617220  1026            db 'Mar  3 2020'
     20332032
     303230
00B1 00        1027            db 0x00
00B2           1028   __str_6:
00B2 31383A33  1029            db '18:32:52'
     323A3532
00BA 00        1030            db 0x00
00BB           1031   __str_7:
00BB 0D        1032            db 0x0D
00BC 543D2566  1033            db 'T=%f ms    '
     206D7320
     202020
00C7 00        1034            db 0x00
00C8           1035   
0003           1036            CSEG
0003           1037   
0003           1038   end
